<?xml version="1.0" encoding="UTF-8"?>
<!-- Generated by org.testng.reporters.JUnitXMLReporter -->
<testsuite ignored="1" hostname="LAPTOP-0Q0A67KA" failures="0" tests="1" name="Default test" time="0.041" errors="0" timestamp="2022-07-19T12:52:35 IST">
  <testcase classname="ankitlearning.Mavanjava.SeleniumTest" name="selenium2" time="0.01"/>
  <testcase classname="ankitlearning.Mavanjava.SeleniumTest" name="selenium1" time="0.0">
    <ignored/>
  </testcase> <!-- selenium1 -->
</testsuite> <!-- Default test -->
