<?xml version="1.0" encoding="UTF-8"?>
<!-- Generated by org.testng.reporters.JUnitXMLReporter -->
<testsuite ignored="0" hostname="LAPTOP-0Q0A67KA" failures="0" tests="4" name="Test" time="0.042" errors="0" timestamp="2022-07-19T13:29:20 IST">
  <testcase classname="ankitlearning.Mavanjava.RestApiTest" name="rest1" time="0.004"/>
  <testcase classname="ankitlearning.Mavanjava.RestApiTest" name="rest2" time="0.001"/>
  <testcase classname="ankitlearning.Mavanjava.SeleniumTest" name="selenium1" time="0.0"/>
  <testcase classname="ankitlearning.Mavanjava.SeleniumTest" name="selenium2" time="0.001"/>
</testsuite> <!-- Test -->
