<?xml version="1.0" encoding="UTF-8"?>
<testng-results ignored="0" total="4" passed="4" failed="0" skipped="0">
  <reporter-output>
  </reporter-output>
  <suite started-at="2022-07-19T13:29:20 IST" name="Suite" finished-at="2022-07-19T13:29:20 IST" duration-ms="42">
    <groups>
    </groups>
    <test started-at="2022-07-19T13:29:20 IST" name="Test" finished-at="2022-07-19T13:29:20 IST" duration-ms="42">
      <class name="ankitlearning.Mavanjava.RestApiTest">
        <test-method signature="rest1()[pri:0, instance:ankitlearning.Mavanjava.RestApiTest@1cbbffcd]" started-at="2022-07-19T13:29:20 IST" name="rest1" finished-at="2022-07-19T13:29:20 IST" duration-ms="4" status="PASS">
          <reporter-output>
          </reporter-output>
        </test-method> <!-- rest1 -->
        <test-method signature="rest2()[pri:0, instance:ankitlearning.Mavanjava.RestApiTest@1cbbffcd]" started-at="2022-07-19T13:29:20 IST" name="rest2" finished-at="2022-07-19T13:29:20 IST" duration-ms="1" status="PASS">
          <reporter-output>
          </reporter-output>
        </test-method> <!-- rest2 -->
      </class> <!-- ankitlearning.Mavanjava.RestApiTest -->
      <class name="ankitlearning.Mavanjava.SeleniumTest">
        <test-method signature="selenium1()[pri:0, instance:ankitlearning.Mavanjava.SeleniumTest@c33b74f]" started-at="2022-07-19T13:29:20 IST" name="selenium1" finished-at="2022-07-19T13:29:20 IST" duration-ms="0" status="PASS">
          <reporter-output>
          </reporter-output>
        </test-method> <!-- selenium1 -->
        <test-method signature="selenium2()[pri:0, instance:ankitlearning.Mavanjava.SeleniumTest@c33b74f]" started-at="2022-07-19T13:29:20 IST" name="selenium2" finished-at="2022-07-19T13:29:20 IST" duration-ms="1" status="PASS">
          <reporter-output>
          </reporter-output>
        </test-method> <!-- selenium2 -->
      </class> <!-- ankitlearning.Mavanjava.SeleniumTest -->
    </test> <!-- Test -->
  </suite> <!-- Suite -->
</testng-results>
