<?xml version="1.0" encoding="UTF-8"?>
<testng-results ignored="1" total="2" passed="1" failed="0" skipped="0">
  <reporter-output>
  </reporter-output>
  <suite started-at="2022-07-19T12:52:35 IST" name="Default suite" finished-at="2022-07-19T12:52:35 IST" duration-ms="41">
    <groups>
    </groups>
    <test started-at="2022-07-19T12:52:35 IST" name="Default test" finished-at="2022-07-19T12:52:35 IST" duration-ms="41">
      <class name="ankitlearning.Mavanjava.SeleniumTest">
        <test-method signature="selenium2()[pri:0, instance:ankitlearning.Mavanjava.SeleniumTest@3f6b0be5]" started-at="2022-07-19T12:52:35 IST" name="selenium2" finished-at="2022-07-19T12:52:35 IST" duration-ms="10" status="PASS">
          <reporter-output>
          </reporter-output>
        </test-method> <!-- selenium2 -->
      </class> <!-- ankitlearning.Mavanjava.SeleniumTest -->
    </test> <!-- Default test -->
  </suite> <!-- Default suite -->
</testng-results>
